C:\USERS\STUDENT\DESKTOP\PROJECT1\PROJECT1\DEBUG\SOURCE.OBJ
C:\USERS\STUDENT\DESKTOP\PROJECT1\PROJECT1\DEBUG\VC110.PDB
C:\USERS\STUDENT\DESKTOP\PROJECT1\DEBUG\PROJECT1.ILK
C:\USERS\STUDENT\DESKTOP\PROJECT1\DEBUG\PROJECT1.EXE
C:\USERS\STUDENT\DESKTOP\PROJECT1\DEBUG\PROJECT1.PDB
C:\Users\student\Desktop\Project1\Project1\Debug\Source.obj
C:\Users\student\Desktop\Project1\Project1\Debug\cl.command.1.tlog
C:\Users\student\Desktop\Project1\Project1\Debug\CL.read.1.tlog
C:\Users\student\Desktop\Project1\Project1\Debug\CL.write.1.tlog
C:\Users\student\Desktop\Project1\Project1\Debug\link-cvtres.read.1.tlog
C:\Users\student\Desktop\Project1\Project1\Debug\link-cvtres.write.1.tlog
C:\Users\student\Desktop\Project1\Project1\Debug\link-rc.read.1.tlog
C:\Users\student\Desktop\Project1\Project1\Debug\link-rc.write.1.tlog
C:\Users\student\Desktop\Project1\Project1\Debug\link.command.1.tlog
C:\Users\student\Desktop\Project1\Project1\Debug\link.read.1.tlog
C:\Users\student\Desktop\Project1\Project1\Debug\link.write.1.tlog
C:\Users\student\Desktop\Project1\Project1\Debug\vc110.idb
C:\Users\student\Desktop\Project1\Project1\Debug\vc110.pdb
C:\Users\student\Desktop\Project1\Debug\Project1.pdb
C:\Users\student\Desktop\Project1\Debug\Project1.exe
C:\Users\student\Desktop\Project1\Debug\Project1.ilk
